app/build/intermediates/manifest_merge_blame_file/debug/manifest-merger-blame-debug-report.txt
1<?xml version="1.0" encoding="utf-8"?>
2<manifest xmlns:android="http://schemas.android.com/apk/res/android"
3    package="com.example.midmorningfirebasedatabaseapp"
4    android:versionCode="1"
5    android:versionName="1.0" >
6
7    <uses-sdk
8        android:minSdkVersion="24"
8-->src\main\AndroidManifest.xml
9        android:targetSdkVersion="33" />
9-->src\main\AndroidManifest.xml
10
11    <!-- Although the *SdkVersion is captured in gradle build files, this is required for non gradle builds -->
12    <!-- <uses-sdk android:minSdkVersion="14"/> -->
13    <uses-permission android:name="android.permission.ACCESS_NETWORK_STATE" />
13-->[com.google.firebase:firebase-database:20.2.0] AndroidManifest.xml:24:5-79
13-->[com.google.firebase:firebase-database:20.2.0] AndroidManifest.xml:24:22-76
14    <uses-permission android:name="android.permission.INTERNET" />
14-->[com.google.firebase:firebase-database:20.2.0] AndroidManifest.xml:25:5-67
14-->[com.google.firebase:firebase-database:20.2.0] AndroidManifest.xml:25:22-64
15    <uses-permission android:name="android.permission.WAKE_LOCK" />
15-->[com.google.android.gms:play-services-measurement-api:21.2.2] AndroidManifest.xml:24:5-68
15-->[com.google.android.gms:play-services-measurement-api:21.2.2] AndroidManifest.xml:24:22-65
16    <uses-permission android:name="com.google.android.gms.permission.AD_ID" />
16-->[com.google.android.gms:play-services-measurement-api:21.2.2] AndroidManifest.xml:25:5-79
16-->[com.google.android.gms:play-services-measurement-api:21.2.2] AndroidManifest.xml:25:22-76
17    <uses-permission android:name="com.google.android.finsky.permission.BIND_GET_INSTALL_REFERRER_SERVICE" />
17-->[com.google.android.gms:play-services-measurement:21.2.2] AndroidManifest.xml:26:5-110
17-->[com.google.android.gms:play-services-measurement:21.2.2] AndroidManifest.xml:26:22-107
18
19    <permission
19-->[androidx.core:core:1.9.0] AndroidManifest.xml:22:5-24:47
20        android:name="com.example.midmorningfirebasedatabaseapp.DYNAMIC_RECEIVER_NOT_EXPORTED_PERMISSION"
20-->[androidx.core:core:1.9.0] AndroidManifest.xml:23:9-81
21        android:protectionLevel="signature" />
21-->[androidx.core:core:1.9.0] AndroidManifest.xml:24:9-44
22
23    <uses-permission android:name="com.example.midmorningfirebasedatabaseapp.DYNAMIC_RECEIVER_NOT_EXPORTED_PERMISSION" />
23-->[androidx.core:core:1.9.0] AndroidManifest.xml:26:5-97
23-->[androidx.core:core:1.9.0] AndroidManifest.xml:26:22-94
24
25    <application
25-->src\main\AndroidManifest.xml:5:5-29:19
26        android:allowBackup="true"
26-->src\main\AndroidManifest.xml:6:9-35
27        android:appComponentFactory="androidx.core.app.CoreComponentFactory"
27-->[androidx.core:core:1.9.0] AndroidManifest.xml:28:18-86
28        android:dataExtractionRules="@xml/data_extraction_rules"
28-->src\main\AndroidManifest.xml:7:9-65
29        android:debuggable="true"
30        android:extractNativeLibs="false"
31        android:fullBackupContent="@xml/backup_rules"
31-->src\main\AndroidManifest.xml:8:9-54
32        android:icon="@mipmap/ic_launcher"
32-->src\main\AndroidManifest.xml:9:9-43
33        android:label="@string/app_name"
33-->src\main\AndroidManifest.xml:10:9-41
34        android:supportsRtl="true"
34-->src\main\AndroidManifest.xml:11:9-35
35        android:testOnly="true"
36        android:theme="@style/Theme.MidMorningFirebaseDatabaseApp" >
36-->src\main\AndroidManifest.xml:12:9-67
37        <activity
37-->src\main\AndroidManifest.xml:14:9-16:40
38            android:name="com.example.midmorningfirebasedatabaseapp.UsersupdateActivity"
38-->src\main\AndroidManifest.xml:15:13-48
39            android:exported="false" />
39-->src\main\AndroidManifest.xml:16:13-37
40        <activity
40-->src\main\AndroidManifest.xml:17:9-19:40
41            android:name="com.example.midmorningfirebasedatabaseapp.UsersActivity"
41-->src\main\AndroidManifest.xml:18:13-42
42            android:exported="false" />
42-->src\main\AndroidManifest.xml:19:13-37
43        <activity
43-->src\main\AndroidManifest.xml:20:9-28:20
44            android:name="com.example.midmorningfirebasedatabaseapp.MainActivity"
44-->src\main\AndroidManifest.xml:21:13-41
45            android:exported="true" >
45-->src\main\AndroidManifest.xml:22:13-36
46            <intent-filter>
46-->src\main\AndroidManifest.xml:23:13-27:29
47                <action android:name="android.intent.action.MAIN" />
47-->src\main\AndroidManifest.xml:24:17-69
47-->src\main\AndroidManifest.xml:24:25-66
48
49                <category android:name="android.intent.category.LAUNCHER" />
49-->src\main\AndroidManifest.xml:26:17-77
49-->src\main\AndroidManifest.xml:26:27-74
50            </intent-filter>
51        </activity>
52
53        <service
53-->[com.google.firebase:firebase-analytics-ktx:21.2.2] AndroidManifest.xml:8:9-14:19
54            android:name="com.google.firebase.components.ComponentDiscoveryService"
54-->[com.google.firebase:firebase-analytics-ktx:21.2.2] AndroidManifest.xml:9:13-84
55            android:directBootAware="true"
55-->[com.google.firebase:firebase-common:20.3.2] AndroidManifest.xml:34:13-43
56            android:exported="false" >
56-->[com.google.firebase:firebase-analytics-ktx:21.2.2] AndroidManifest.xml:10:13-37
57            <meta-data
57-->[com.google.firebase:firebase-analytics-ktx:21.2.2] AndroidManifest.xml:11:13-13:85
58                android:name="com.google.firebase.components:com.google.firebase.analytics.ktx.FirebaseAnalyticsKtxRegistrar"
58-->[com.google.firebase:firebase-analytics-ktx:21.2.2] AndroidManifest.xml:12:17-126
59                android:value="com.google.firebase.components.ComponentRegistrar" />
59-->[com.google.firebase:firebase-analytics-ktx:21.2.2] AndroidManifest.xml:13:17-82
60            <meta-data
60-->[com.google.firebase:firebase-common-ktx:20.3.2] AndroidManifest.xml:14:13-16:85
61                android:name="com.google.firebase.components:com.google.firebase.ktx.FirebaseCommonKtxRegistrar"
61-->[com.google.firebase:firebase-common-ktx:20.3.2] AndroidManifest.xml:15:17-113
62                android:value="com.google.firebase.components.ComponentRegistrar" />
62-->[com.google.firebase:firebase-common-ktx:20.3.2] AndroidManifest.xml:16:17-82
63            <meta-data
63-->[com.google.firebase:firebase-database:20.2.0] AndroidManifest.xml:31:13-33:85
64                android:name="com.google.firebase.components:com.google.firebase.database.DatabaseRegistrar"
64-->[com.google.firebase:firebase-database:20.2.0] AndroidManifest.xml:32:17-109
65                android:value="com.google.firebase.components.ComponentRegistrar" />
65-->[com.google.firebase:firebase-database:20.2.0] AndroidManifest.xml:33:17-82
66            <meta-data
66-->[com.google.android.gms:play-services-measurement-api:21.2.2] AndroidManifest.xml:31:13-33:85
67                android:name="com.google.firebase.components:com.google.firebase.analytics.connector.internal.AnalyticsConnectorRegistrar"
67-->[com.google.android.gms:play-services-measurement-api:21.2.2] AndroidManifest.xml:32:17-139
68                android:value="com.google.firebase.components.ComponentRegistrar" />
68-->[com.google.android.gms:play-services-measurement-api:21.2.2] AndroidManifest.xml:33:17-82
69            <meta-data
69-->[com.google.firebase:firebase-installations:17.1.3] AndroidManifest.xml:17:13-19:85
70                android:name="com.google.firebase.components:com.google.firebase.installations.FirebaseInstallationsRegistrar"
70-->[com.google.firebase:firebase-installations:17.1.3] AndroidManifest.xml:18:17-127
71                android:value="com.google.firebase.components.ComponentRegistrar" />
71-->[com.google.firebase:firebase-installations:17.1.3] AndroidManifest.xml:19:17-82
72        </service>
73
74        <activity
74-->[com.google.android.gms:play-services-base:18.1.0] AndroidManifest.xml:20:9-22:45
75            android:name="com.google.android.gms.common.api.GoogleApiActivity"
75-->[com.google.android.gms:play-services-base:18.1.0] AndroidManifest.xml:20:19-85
76            android:exported="false"
76-->[com.google.android.gms:play-services-base:18.1.0] AndroidManifest.xml:22:19-43
77            android:theme="@android:style/Theme.Translucent.NoTitleBar" />
77-->[com.google.android.gms:play-services-base:18.1.0] AndroidManifest.xml:21:19-78
78
79        <provider
79-->[com.google.firebase:firebase-common:20.3.2] AndroidManifest.xml:25:9-30:39
80            android:name="com.google.firebase.provider.FirebaseInitProvider"
80-->[com.google.firebase:firebase-common:20.3.2] AndroidManifest.xml:26:13-77
81            android:authorities="com.example.midmorningfirebasedatabaseapp.firebaseinitprovider"
81-->[com.google.firebase:firebase-common:20.3.2] AndroidManifest.xml:27:13-72
82            android:directBootAware="true"
82-->[com.google.firebase:firebase-common:20.3.2] AndroidManifest.xml:28:13-43
83            android:exported="false"
83-->[com.google.firebase:firebase-common:20.3.2] AndroidManifest.xml:29:13-37
84            android:initOrder="100" />
84-->[com.google.firebase:firebase-common:20.3.2] AndroidManifest.xml:30:13-36
85
86        <receiver
86-->[com.google.android.gms:play-services-measurement:21.2.2] AndroidManifest.xml:29:9-33:20
87            android:name="com.google.android.gms.measurement.AppMeasurementReceiver"
87-->[com.google.android.gms:play-services-measurement:21.2.2] AndroidManifest.xml:30:13-85
88            android:enabled="true"
88-->[com.google.android.gms:play-services-measurement:21.2.2] AndroidManifest.xml:31:13-35
89            android:exported="false" >
89-->[com.google.android.gms:play-services-measurement:21.2.2] AndroidManifest.xml:32:13-37
90        </receiver>
91
92        <service
92-->[com.google.android.gms:play-services-measurement:21.2.2] AndroidManifest.xml:35:9-38:40
93            android:name="com.google.android.gms.measurement.AppMeasurementService"
93-->[com.google.android.gms:play-services-measurement:21.2.2] AndroidManifest.xml:36:13-84
94            android:enabled="true"
94-->[com.google.android.gms:play-services-measurement:21.2.2] AndroidManifest.xml:37:13-35
95            android:exported="false" />
95-->[com.google.android.gms:play-services-measurement:21.2.2] AndroidManifest.xml:38:13-37
96        <service
96-->[com.google.android.gms:play-services-measurement:21.2.2] AndroidManifest.xml:39:9-43:72
97            android:name="com.google.android.gms.measurement.AppMeasurementJobService"
97-->[com.google.android.gms:play-services-measurement:21.2.2] AndroidManifest.xml:40:13-87
98            android:enabled="true"
98-->[com.google.android.gms:play-services-measurement:21.2.2] AndroidManifest.xml:41:13-35
99            android:exported="false"
99-->[com.google.android.gms:play-services-measurement:21.2.2] AndroidManifest.xml:42:13-37
100            android:permission="android.permission.BIND_JOB_SERVICE" />
100-->[com.google.android.gms:play-services-measurement:21.2.2] AndroidManifest.xml:43:13-69
101
102        <meta-data
102-->[com.google.android.gms:play-services-basement:18.1.0] AndroidManifest.xml:21:9-23:69
103            android:name="com.google.android.gms.version"
103-->[com.google.android.gms:play-services-basement:18.1.0] AndroidManifest.xml:22:13-58
104            android:value="@integer/google_play_services_version" />
104-->[com.google.android.gms:play-services-basement:18.1.0] AndroidManifest.xml:23:13-66
105
106        <provider
106-->[androidx.emoji2:emoji2:1.2.0] AndroidManifest.xml:24:9-32:20
107            android:name="androidx.startup.InitializationProvider"
107-->[androidx.emoji2:emoji2:1.2.0] AndroidManifest.xml:25:13-67
108            android:authorities="com.example.midmorningfirebasedatabaseapp.androidx-startup"
108-->[androidx.emoji2:emoji2:1.2.0] AndroidManifest.xml:26:13-68
109            android:exported="false" >
109-->[androidx.emoji2:emoji2:1.2.0] AndroidManifest.xml:27:13-37
110            <meta-data
110-->[androidx.emoji2:emoji2:1.2.0] AndroidManifest.xml:29:13-31:52
111                android:name="androidx.emoji2.text.EmojiCompatInitializer"
111-->[androidx.emoji2:emoji2:1.2.0] AndroidManifest.xml:30:17-75
112                android:value="androidx.startup" />
112-->[androidx.emoji2:emoji2:1.2.0] AndroidManifest.xml:31:17-49
113            <meta-data
113-->[androidx.lifecycle:lifecycle-process:2.4.1] AndroidManifest.xml:31:13-33:52
114                android:name="androidx.lifecycle.ProcessLifecycleInitializer"
114-->[androidx.lifecycle:lifecycle-process:2.4.1] AndroidManifest.xml:32:17-78
115                android:value="androidx.startup" />
115-->[androidx.lifecycle:lifecycle-process:2.4.1] AndroidManifest.xml:33:17-49
116        </provider>
117    </application>
118
119</manifest>